[debug] [2021-07-18T05:04:19.897Z] ----------------------------------------------------------------------
[debug] [2021-07-18T05:04:19.900Z] Command:       C:\Users\LENOVO\node.exe C:\Users\LENOVO\AppData\Roaming\npm\node_modules\firebase-tools\lib\bin\firebase.js init
[debug] [2021-07-18T05:04:19.901Z] CLI Version:   9.16.0
[debug] [2021-07-18T05:04:19.901Z] Platform:      win32
[debug] [2021-07-18T05:04:19.901Z] Node Version:  v14.17.0
[debug] [2021-07-18T05:04:19.903Z] Time:          Sun Jul 18 2021 12:04:19 GMT+0700 (Indochina Time)
[debug] [2021-07-18T05:04:19.903Z] ----------------------------------------------------------------------
[debug] 
[debug] [2021-07-18T05:04:19.907Z] >>> [apiv2][query] GET https://firebase-public.firebaseio.com/cli.json [none]
[debug] [2021-07-18T05:04:20.014Z] > command requires scopes: ["email","openid","https://www.googleapis.com/auth/cloudplatformprojects.readonly","https://www.googleapis.com/auth/firebase","https://www.googleapis.com/auth/cloud-platform"]
[debug] [2021-07-18T05:04:20.015Z] > authorizing via signed-in user (18130292@st.hcmuaf.edu.vn)
[info] 
     ######## #### ########  ######## ########     ###     ######  ########
     ##        ##  ##     ## ##       ##     ##  ##   ##  ##       ##
     ######    ##  ########  ######   ########  #########  ######  ######
     ##        ##  ##    ##  ##       ##     ## ##     ##       ## ##
     ##       #### ##     ## ######## ########  ##     ##  ######  ########

You're about to initialize a Firebase project in this directory:

  C:\Users\LENOVO\Desktop\projectFrontEnd\app-news

Before we get started, keep in mind:

  * You are initializing within an existing Firebase project directory

[debug] [2021-07-18T05:04:21.006Z] <<< [apiv2][status] GET https://firebase-public.firebaseio.com/cli.json 200
[debug] [2021-07-18T05:04:21.007Z] <<< [apiv2][body] GET https://firebase-public.firebaseio.com/cli.json {"cloudBuildErrorAfter":1594252800000,"cloudBuildWarnAfter":1590019200000,"defaultNode10After":1594252800000,"minVersion":"3.0.5","node8DeploysDisabledAfter":1613390400000,"node8RuntimeDisabledAfter":1615809600000,"node8WarnAfter":1600128000000}
